This is pdfTeX, Version 3.141592653-2.6-1.40.25 (TeX Live 2023/Debian) (preloaded format=pdflatex 2024.5.13)  23 JUN 2024 18:52
entering extended mode
 restricted \write18 enabled.
 %&-line parsing enabled.
**project.tex
(./project.tex
LaTeX2e <2023-11-01> patch level 1
L3 programming layer <2024-01-22>
(/usr/share/texlive/texmf-dist/tex/latex/base/article.cls
Document Class: article 2023/05/17 v1.4n Standard LaTeX document class
(/usr/share/texlive/texmf-dist/tex/latex/base/size12.clo
File: size12.clo 2023/05/17 v1.4n Standard LaTeX file (size option)
)
\c@part=\count187
\c@section=\count188
\c@subsection=\count189
\c@subsubsection=\count190
\c@paragraph=\count191
\c@subparagraph=\count192
\c@figure=\count193
\c@table=\count194
\abovecaptionskip=\skip48
\belowcaptionskip=\skip49
\bibindent=\dimen140
)
(/usr/share/texlive/texmf-dist/tex/latex/base/fontenc.sty
Package: fontenc 2021/04/29 v2.0v Standard LaTeX package
)
(/usr/share/texlive/texmf-dist/tex/generic/babel/babel.sty
Package: babel 2024/01/07 v24.1 The Babel package
\babel@savecnt=\count195
\U@D=\dimen141
\l@unhyphenated=\language89

(/usr/share/texlive/texmf-dist/tex/generic/babel/txtbabel.def)
\bbl@readstream=\read2
\bbl@dirlevel=\count196

(/usr/share/texlive/texmf-dist/tex/generic/babel-polish/polish.ldf
Language: polish 2022/03/12 1.3 Babel support for Polish
Package babel Info: Making " an active character on input line 101.
))
(/usr/share/texlive/texmf-dist/tex/generic/babel/locale/pl/babel-polish.tex
Package babel Info: Importing font and identification data for polish
(babel)             from babel-pl.ini. Reported on input line 11.
)
(/usr/share/texlive/texmf-dist/tex/latex/base/inputenc.sty
Package: inputenc 2021/02/14 v1.3d Input encoding file
\inpenc@prehook=\toks17
\inpenc@posthook=\toks18
)
(/usr/share/texlive/texmf-dist/tex/latex/geometry/geometry.sty
Package: geometry 2020/01/02 v5.9 Page Geometry

(/usr/share/texlive/texmf-dist/tex/latex/graphics/keyval.sty
Package: keyval 2022/05/29 v1.15 key=value parser (DPC)
\KV@toks@=\toks19
)
(/usr/share/texlive/texmf-dist/tex/generic/iftex/ifvtex.sty
Package: ifvtex 2019/10/25 v1.7 ifvtex legacy package. Use iftex instead.

(/usr/share/texlive/texmf-dist/tex/generic/iftex/iftex.sty
Package: iftex 2022/02/03 v1.0f TeX engine tests
))
\Gm@cnth=\count197
\Gm@cntv=\count198
\c@Gm@tempcnt=\count199
\Gm@bindingoffset=\dimen142
\Gm@wd@mp=\dimen143
\Gm@odd@mp=\dimen144
\Gm@even@mp=\dimen145
\Gm@layoutwidth=\dimen146
\Gm@layoutheight=\dimen147
\Gm@layouthoffset=\dimen148
\Gm@layoutvoffset=\dimen149
\Gm@dimlist=\toks20
)
(/usr/share/texlive/texmf-dist/tex/latex/tools/array.sty
Package: array 2023/10/16 v2.5g Tabular extension package (FMi)
\col@sep=\dimen150
\ar@mcellbox=\box51
\extrarowheight=\dimen151
\NC@list=\toks21
\extratabsurround=\skip50
\backup@length=\skip51
\ar@cellbox=\box52
)
(/usr/share/texlive/texmf-dist/tex/latex/pdfpages/pdfpages.sty
Package: pdfpages 2024/01/21 v0.5y Insert pages of external PDF documents (AM)

(/usr/share/texlive/texmf-dist/tex/latex/base/ifthen.sty
Package: ifthen 2022/04/13 v1.1d Standard LaTeX ifthen package (DPC)
)
(/usr/share/texlive/texmf-dist/tex/latex/tools/calc.sty
Package: calc 2023/07/08 v4.3 Infix arithmetic (KKT,FJ)
\calc@Acount=\count266
\calc@Bcount=\count267
\calc@Adimen=\dimen152
\calc@Bdimen=\dimen153
\calc@Askip=\skip52
\calc@Bskip=\skip53
LaTeX Info: Redefining \setlength on input line 80.
LaTeX Info: Redefining \addtolength on input line 81.
\calc@Ccount=\count268
\calc@Cskip=\skip54
)
(/usr/share/texlive/texmf-dist/tex/latex/eso-pic/eso-pic.sty
Package: eso-pic 2023/05/03 v3.0c eso-pic (RN)
\ESO@tempdima=\dimen154
\ESO@tempdimb=\dimen155

(/usr/share/texlive/texmf-dist/tex/latex/xcolor/xcolor.sty
Package: xcolor 2023/11/15 v3.01 LaTeX color extensions (UK)

(/usr/share/texlive/texmf-dist/tex/latex/graphics-cfg/color.cfg
File: color.cfg 2016/01/02 v1.6 sample color configuration
)
Package xcolor Info: Driver file: pdftex.def on input line 274.

(/usr/share/texlive/texmf-dist/tex/latex/graphics-def/pdftex.def
File: pdftex.def 2022/09/22 v1.2b Graphics/color driver for pdftex
)
(/usr/share/texlive/texmf-dist/tex/latex/graphics/mathcolor.ltx)
Package xcolor Info: Model `cmy' substituted by `cmy0' on input line 1350.
Package xcolor Info: Model `hsb' substituted by `rgb' on input line 1354.
Package xcolor Info: Model `RGB' extended on input line 1366.
Package xcolor Info: Model `HTML' substituted by `rgb' on input line 1368.
Package xcolor Info: Model `Hsb' substituted by `hsb' on input line 1369.
Package xcolor Info: Model `tHsb' substituted by `hsb' on input line 1370.
Package xcolor Info: Model `HSB' substituted by `hsb' on input line 1371.
Package xcolor Info: Model `Gray' substituted by `gray' on input line 1372.
Package xcolor Info: Model `wave' substituted by `hsb' on input line 1373.
))
(/usr/share/texlive/texmf-dist/tex/latex/graphics/graphicx.sty
Package: graphicx 2021/09/16 v1.2d Enhanced LaTeX Graphics (DPC,SPQR)

(/usr/share/texlive/texmf-dist/tex/latex/graphics/graphics.sty
Package: graphics 2022/03/10 v1.4e Standard LaTeX Graphics (DPC,SPQR)

(/usr/share/texlive/texmf-dist/tex/latex/graphics/trig.sty
Package: trig 2021/08/11 v1.11 sin cos tan (DPC)
)
(/usr/share/texlive/texmf-dist/tex/latex/graphics-cfg/graphics.cfg
File: graphics.cfg 2016/06/04 v1.11 sample graphics configuration
)
Package graphics Info: Driver file: pdftex.def on input line 107.
)
\Gin@req@height=\dimen156
\Gin@req@width=\dimen157
)
\AM@pagewidth=\dimen158
\AM@pageheight=\dimen159
\AM@fboxrule=\dimen160

(/usr/share/texlive/texmf-dist/tex/latex/pdfpages/pppdftex.def
File: pppdftex.def 2024/01/21 v0.5y Pdfpages driver for pdfTeX (AM)
)
\pdfpages@includegraphics@status=\count269
\AM@pagebox=\box53
\AM@global@opts=\toks22
\AM@pagecnt=\count270
\AM@toc@title=\toks23
\AM@lof@heading=\toks24
\c@AM@survey=\count271
\AM@templatesizebox=\box54
)
(/usr/share/texlive/texmf-dist/tex/latex/psnfss/helvet.sty
Package: helvet 2020/03/25 PSNFSS-v9.3 (WaS) 
)
LaTeX Font Info:    Trying to load font information for T1+phv on input line 18
.

(/usr/share/texlive/texmf-dist/tex/latex/psnfss/t1phv.fd
File: t1phv.fd 2020/03/25 scalable font definitions for T1/phv.
)
LaTeX Font Info:    Font shape `T1/phv/m/n' will be
(Font)              scaled to size 11.39996pt on input line 18.

(/usr/share/texlive/texmf-dist/tex/latex/l3backend/l3backend-pdftex.def
File: l3backend-pdftex.def 2024-01-04 L3 backend support: PDF output (pdfTeX)
\l__color_backend_stack_int=\count272
\l__pdf_internal_box=\box55
)
(./project.aux (./title.aux) (./part1.aux) (./part2.aux) (./part3.aux)
(./part4.aux) (./part6.aux) (./part7.aux) (./part8.aux))
\openout1 = `project.aux'.

LaTeX Font Info:    Checking defaults for OML/cmm/m/it on input line 18.
LaTeX Font Info:    ... okay on input line 18.
LaTeX Font Info:    Checking defaults for OMS/cmsy/m/n on input line 18.
LaTeX Font Info:    ... okay on input line 18.
LaTeX Font Info:    Checking defaults for OT1/cmr/m/n on input line 18.
LaTeX Font Info:    ... okay on input line 18.
LaTeX Font Info:    Checking defaults for T1/cmr/m/n on input line 18.
LaTeX Font Info:    ... okay on input line 18.
LaTeX Font Info:    Checking defaults for TS1/cmr/m/n on input line 18.
LaTeX Font Info:    ... okay on input line 18.
LaTeX Font Info:    Checking defaults for OMX/cmex/m/n on input line 18.
LaTeX Font Info:    ... okay on input line 18.
LaTeX Font Info:    Checking defaults for U/cmr/m/n on input line 18.
LaTeX Font Info:    ... okay on input line 18.

*geometry* driver: auto-detecting
*geometry* detected driver: pdftex
*geometry* verbose mode - [ preamble ] result:
* driver: pdftex
* paper: a4paper
* layout: <same size as paper>
* layoutoffset:(h,v)=(0.0pt,0.0pt)
* modes: 
* h-part:(L,W,R)=(89.62709pt, 418.25368pt, 89.6271pt)
* v-part:(T,H,B)=(101.40665pt, 591.5302pt, 152.11pt)
* \paperwidth=597.50787pt
* \paperheight=845.04684pt
* \textwidth=418.25368pt
* \textheight=591.5302pt
* \oddsidemargin=17.3571pt
* \evensidemargin=17.3571pt
* \topmargin=-7.86334pt
* \headheight=12.0pt
* \headsep=25.0pt
* \topskip=12.0pt
* \footskip=30.0pt
* \marginparwidth=44.0pt
* \marginparsep=10.0pt
* \columnsep=10.0pt
* \skip\footins=10.8pt plus 4.0pt minus 2.0pt
* \hoffset=0.0pt
* \voffset=0.0pt
* \mag=1000
* \@twocolumnfalse
* \@twosidefalse
* \@mparswitchfalse
* \@reversemarginfalse
* (1in=72.27pt=25.4mm, 1cm=28.453pt)

(/usr/share/texlive/texmf-dist/tex/context/base/mkii/supp-pdf.mkii
[Loading MPS to PDF converter (version 2006.09.02).]
\scratchcounter=\count273
\scratchdimen=\dimen161
\scratchbox=\box56
\nofMPsegments=\count274
\nofMParguments=\count275
\everyMPshowfont=\toks25
\MPscratchCnt=\count276
\MPscratchDim=\dimen162
\MPnumerator=\count277
\makeMPintoPDFobject=\count278
\everyMPtoPDFconversion=\toks26
) (/usr/share/texlive/texmf-dist/tex/latex/epstopdf-pkg/epstopdf-base.sty
Package: epstopdf-base 2020-01-24 v2.11 Base part for package epstopdf
Package epstopdf-base Info: Redefining graphics rule for `.eps' on input line 4
85.

(/usr/share/texlive/texmf-dist/tex/latex/latexconfig/epstopdf-sys.cfg
File: epstopdf-sys.cfg 2010/07/13 v1.3 Configuration of (r)epstopdf for TeX Liv
e
))
(/usr/share/texlive/texmf-dist/tex/latex/pdflscape/pdflscape.sty
Package: pdflscape 2022-10-27 v0.13 Display of landscape pages in PDF

(/usr/share/texlive/texmf-dist/tex/latex/pdflscape/pdflscape-nometadata.sty
Package: pdflscape-nometadata 2022-10-28 v0.13 Display of landscape pages in PD
F (HO)

(/usr/share/texlive/texmf-dist/tex/latex/graphics/lscape.sty
Package: lscape 2020/05/28 v3.02 Landscape Pages (DPC)
)
Package pdflscape Info: Auto-detected driver: pdftex on input line 81.
))
\openout2 = `title.aux'.

 (./title.tex
LaTeX Font Info:    Font shape `T1/phv/m/n' will be
(Font)              scaled to size 19.70294pt on input line 4.
LaTeX Font Info:    Font shape `T1/phv/m/n' will be
(Font)              scaled to size 13.67995pt on input line 4.
LaTeX Font Info:    External font `cmex10' loaded for size
(Font)              <14.4> on input line 4.
LaTeX Font Info:    External font `cmex10' loaded for size
(Font)              <7> on input line 4.
)
[1


{/var/lib/texmf/fonts/map/pdftex/updmap/pdftex.map}{/usr/share/texlive/texmf-di
st/fonts/enc/dvips/base/8r.enc}]
LaTeX Font Info:    Font shape `T1/phv/m/n' will be
(Font)              scaled to size 16.41594pt on input line 21.
LaTeX Font Info:    Font shape `T1/phv/b/n' will be
(Font)              scaled to size 16.41594pt on input line 21.
 (./project.toc
LaTeX Font Info:    Font shape `T1/phv/b/n' will be
(Font)              scaled to size 11.39996pt on input line 2.
LaTeX Font Info:    External font `cmex10' loaded for size
(Font)              <12> on input line 3.
LaTeX Font Info:    External font `cmex10' loaded for size
(Font)              <8> on input line 3.
LaTeX Font Info:    External font `cmex10' loaded for size
(Font)              <6> on input line 3.
)
\tf@toc=\write3
\openout3 = `project.toc'.

 [2


] [3]
\openout2 = `part1.aux'.

 (./part1.tex
LaTeX Font Info:    Font shape `T1/phv/b/n' will be
(Font)              scaled to size 13.67995pt on input line 3.

[4

]
Overfull \hbox (5.01117pt too wide) in paragraph at lines 30--31
 \T1/phv/b/n/12 In-te-gra-cja z in-nymi urz¡-dze-niami i apli-ka-cjami:[] \T1/p
hv/m/n/12 Mo»-li-wo±¢ syn-chro-ni-za-cji z urz¡-
 []

LaTeX Font Info:    Trying to load font information for TS1+phv on input line 4
2.
(/usr/share/texlive/texmf-dist/tex/latex/psnfss/ts1phv.fd
File: ts1phv.fd 2020/03/25 scalable font definitions for TS1/phv.
)
LaTeX Font Info:    Font shape `TS1/phv/m/n' will be
(Font)              scaled to size 11.39996pt on input line 42.
 [5] [6]) [7]
\openout2 = `part2.aux'.


(./part2.tex
Underfull \hbox (badness 10000) in paragraph at lines 13--13
[]|\T1/phv/m/n/12 ™ródªo da-nych
 []


Underfull \hbox (badness 10000) in paragraph at lines 15--15
[]|\T1/phv/m/n/12 Warunek
 []


Underfull \hbox (badness 10000) in paragraph at lines 16--16
[]|\T1/phv/m/n/12 Warunek ko«-
 []


Overfull \hbox (25.19998pt too wide) in paragraph at lines 10--19
[][] 
 []


Underfull \hbox (badness 10000) in paragraph at lines 26--26
[]|\T1/phv/m/n/12 ™ródªo da-nych
 []


Underfull \hbox (badness 10000) in paragraph at lines 28--28
[]|\T1/phv/m/n/12 Warunek
 []


Underfull \hbox (badness 10000) in paragraph at lines 29--29
[]|\T1/phv/m/n/12 Warunek ko«-
 []


Overfull \hbox (25.19998pt too wide) in paragraph at lines 23--32
[][] 
 []

[8



]
Underfull \hbox (badness 10000) in paragraph at lines 41--41
[]|\T1/phv/m/n/12 ™ródªo da-nych
 []


Underfull \hbox (badness 10000) in paragraph at lines 43--43
[]|\T1/phv/m/n/12 Warunek
 []


Underfull \hbox (badness 10000) in paragraph at lines 44--44
[]|\T1/phv/m/n/12 Warunek ko«-
 []


Overfull \hbox (25.19998pt too wide) in paragraph at lines 38--47
[][] 
 []


Underfull \hbox (badness 10000) in paragraph at lines 56--56
[]|\T1/phv/m/n/12 ™ródªo da-nych
 []


Underfull \hbox (badness 10000) in paragraph at lines 58--58
[]|\T1/phv/m/n/12 Warunek
 []


Underfull \hbox (badness 10000) in paragraph at lines 59--59
[]|\T1/phv/m/n/12 Warunek ko«-
 []


Overfull \hbox (25.19998pt too wide) in paragraph at lines 53--62
[][] 
 []

[9]
Underfull \hbox (badness 10000) in paragraph at lines 71--71
[]|\T1/phv/m/n/12 ™ródªo da-nych
 []


Underfull \hbox (badness 10000) in paragraph at lines 73--73
[]|\T1/phv/m/n/12 Warunek
 []


Underfull \hbox (badness 10000) in paragraph at lines 74--74
[]|\T1/phv/m/n/12 Warunek ko«-
 []


Overfull \hbox (25.19998pt too wide) in paragraph at lines 68--77
[][] 
 []


Underfull \hbox (badness 10000) in paragraph at lines 84--84
[]|\T1/phv/m/n/12 ™ródªo da-nych
 []


Underfull \hbox (badness 10000) in paragraph at lines 86--86
[]|\T1/phv/m/n/12 Warunek
 []


Underfull \hbox (badness 10000) in paragraph at lines 87--87
[]|\T1/phv/m/n/12 Warunek ko«-
 []


Overfull \hbox (25.19998pt too wide) in paragraph at lines 81--90
[][] 
 []

[10]
Underfull \hbox (badness 10000) in paragraph at lines 99--99
[]|\T1/phv/m/n/12 ™ródªo da-nych
 []


Underfull \hbox (badness 10000) in paragraph at lines 101--101
[]|\T1/phv/m/n/12 Warunek
 []


Underfull \hbox (badness 10000) in paragraph at lines 102--102
[]|\T1/phv/m/n/12 Warunek ko«-
 []


Overfull \hbox (25.19998pt too wide) in paragraph at lines 96--105
[][] 
 []


Underfull \hbox (badness 10000) in paragraph at lines 112--112
[]|\T1/phv/m/n/12 ™ródªo da-nych
 []


Underfull \hbox (badness 10000) in paragraph at lines 114--114
[]|\T1/phv/m/n/12 Warunek
 []


Underfull \hbox (badness 10000) in paragraph at lines 115--115
[]|\T1/phv/m/n/12 Warunek ko«-
 []


Overfull \hbox (25.19998pt too wide) in paragraph at lines 109--118
[][] 
 []

[11]
Underfull \hbox (badness 10000) in paragraph at lines 127--127
[]|\T1/phv/m/n/12 ™ródªo da-nych
 []


Underfull \hbox (badness 10000) in paragraph at lines 129--129
[]|\T1/phv/m/n/12 Warunek
 []


Underfull \hbox (badness 10000) in paragraph at lines 130--130
[]|\T1/phv/m/n/12 Warunek ko«-
 []


Overfull \hbox (25.19998pt too wide) in paragraph at lines 124--133
[][] 
 []


Underfull \hbox (badness 1902) in paragraph at lines 138--138
[]|\T1/phv/m/n/12 Szyfrowanie da-nych u»yt-kow-ni-ków i zgod-no±¢ z re-gu-la-cj
ami
 []


Underfull \hbox (badness 10000) in paragraph at lines 140--140
[]|\T1/phv/m/n/12 ™ródªo da-nych
 []


Underfull \hbox (badness 10000) in paragraph at lines 142--142
[]|\T1/phv/m/n/12 Warunek
 []


Underfull \hbox (badness 10000) in paragraph at lines 143--143
[]|\T1/phv/m/n/12 Warunek ko«-
 []


Overfull \hbox (25.19998pt too wide) in paragraph at lines 137--146
[][] 
 []

[12]
Underfull \hbox (badness 10000) in paragraph at lines 155--155
[]|\T1/phv/m/n/12 ™ródªo da-nych
 []


Underfull \hbox (badness 10000) in paragraph at lines 157--157
[]|\T1/phv/m/n/12 Warunek
 []


Underfull \hbox (badness 10000) in paragraph at lines 158--158
[]|\T1/phv/m/n/12 Warunek ko«-
 []


Overfull \hbox (25.19998pt too wide) in paragraph at lines 152--161
[][] 
 []

[13]
Overfull \hbox (25.19998pt too wide) in paragraph at lines 170--183
[][] 
 []

) [14]
\openout2 = `part3.aux'.

 (./part3.tex

! LaTeX Error: Something's wrong--perhaps a missing \item.

See the LaTeX manual or LaTeX Companion for explanation.
Type  H <return>  for immediate help.
 ...                                              
                                                  
l.23 \end{center}
                 
? 


pdfTeX warning: pdflatex (file ./Oosba_negatywna.pdf): PDF inclusion: found PDF
 version <1.6>, but at most version <1.5> allowed
<Oosba_negatywna.pdf, id=49, 597.50829pt x 845.0471pt>
File: Oosba_negatywna.pdf Graphic file (type pdf)
<use Oosba_negatywna.pdf>
Package pdftex.def Info: Oosba_negatywna.pdf  used on input line 27.
(pdftex.def)             Requested size: 597.50682pt x 845.04504pt.


pdfTeX warning: pdflatex (file ./Oosba_negatywna.pdf): PDF inclusion: found PDF
 version <1.6>, but at most version <1.5> allowed
File: Oosba_negatywna.pdf Graphic file (type pdf)
<use Oosba_negatywna.pdf>
Package pdftex.def Info: Oosba_negatywna.pdf  used on input line 27.
(pdftex.def)             Requested size: 597.50682pt x 845.04504pt.


pdfTeX warning: pdflatex (file ./Oosba_negatywna.pdf): PDF inclusion: found PDF
 version <1.6>, but at most version <1.5> allowed


pdfTeX warning: pdflatex (file ./Oosba_negatywna.pdf): PDF inclusion: found PDF
 version <1.6>, but at most version <1.5> allowed
<Oosba_negatywna.pdf, id=52, page=1, 597.50829pt x 845.0471pt>
File: Oosba_negatywna.pdf Graphic file (type pdf)
<use Oosba_negatywna.pdf, page 1>
Package pdftex.def Info: Oosba_negatywna.pdf , page1 used on input line 27.
(pdftex.def)             Requested size: 597.50682pt x 845.04504pt.
File: Oosba_negatywna.pdf Graphic file (type pdf)
<use Oosba_negatywna.pdf, page 1>
Package pdftex.def Info: Oosba_negatywna.pdf , page1 used on input line 27.
(pdftex.def)             Requested size: 597.53416pt x 845.08372pt.
[15



]
File: Oosba_negatywna.pdf Graphic file (type pdf)
<use Oosba_negatywna.pdf, page 1>
Package pdftex.def Info: Oosba_negatywna.pdf , page1 used on input line 27.
(pdftex.def)             Requested size: 597.53416pt x 845.08372pt.
File: Oosba_negatywna.pdf Graphic file (type pdf)
<use Oosba_negatywna.pdf, page 1>
Package pdftex.def Info: Oosba_negatywna.pdf , page1 used on input line 27.
(pdftex.def)             Requested size: 597.53416pt x 845.08372pt.
File: Oosba_negatywna.pdf Graphic file (type pdf)
<use Oosba_negatywna.pdf, page 1>
Package pdftex.def Info: Oosba_negatywna.pdf , page1 used on input line 27.
(pdftex.def)             Requested size: 597.53416pt x 845.08372pt.
 [16

 <./Oosba_negatywna.pdf>]

pdfTeX warning: pdflatex (file ./Osoba_neutralna.pdf): PDF inclusion: found PDF
 version <1.6>, but at most version <1.5> allowed
<Osoba_neutralna.pdf, id=112, 597.50829pt x 845.0471pt>
File: Osoba_neutralna.pdf Graphic file (type pdf)
<use Osoba_neutralna.pdf>
Package pdftex.def Info: Osoba_neutralna.pdf  used on input line 28.
(pdftex.def)             Requested size: 597.50682pt x 845.04504pt.


pdfTeX warning: pdflatex (file ./Osoba_neutralna.pdf): PDF inclusion: found PDF
 version <1.6>, but at most version <1.5> allowed
File: Osoba_neutralna.pdf Graphic file (type pdf)
<use Osoba_neutralna.pdf>
Package pdftex.def Info: Osoba_neutralna.pdf  used on input line 28.
(pdftex.def)             Requested size: 597.50682pt x 845.04504pt.


pdfTeX warning: pdflatex (file ./Osoba_neutralna.pdf): PDF inclusion: found PDF
 version <1.6>, but at most version <1.5> allowed


pdfTeX warning: pdflatex (file ./Osoba_neutralna.pdf): PDF inclusion: found PDF
 version <1.6>, but at most version <1.5> allowed
<Osoba_neutralna.pdf, id=115, page=1, 597.50829pt x 845.0471pt>
File: Osoba_neutralna.pdf Graphic file (type pdf)
<use Osoba_neutralna.pdf, page 1>
Package pdftex.def Info: Osoba_neutralna.pdf , page1 used on input line 28.
(pdftex.def)             Requested size: 597.50682pt x 845.04504pt.
File: Osoba_neutralna.pdf Graphic file (type pdf)
<use Osoba_neutralna.pdf, page 1>
Package pdftex.def Info: Osoba_neutralna.pdf , page1 used on input line 28.
(pdftex.def)             Requested size: 597.53416pt x 845.08372pt.
File: Osoba_neutralna.pdf Graphic file (type pdf)
<use Osoba_neutralna.pdf, page 1>
Package pdftex.def Info: Osoba_neutralna.pdf , page1 used on input line 28.
(pdftex.def)             Requested size: 597.53416pt x 845.08372pt.
File: Osoba_neutralna.pdf Graphic file (type pdf)
<use Osoba_neutralna.pdf, page 1>
Package pdftex.def Info: Osoba_neutralna.pdf , page1 used on input line 28.
(pdftex.def)             Requested size: 597.53416pt x 845.08372pt.
File: Osoba_neutralna.pdf Graphic file (type pdf)
<use Osoba_neutralna.pdf, page 1>
Package pdftex.def Info: Osoba_neutralna.pdf , page1 used on input line 28.
(pdftex.def)             Requested size: 597.53416pt x 845.08372pt.
[17

 <./Osoba_neutralna.pdf>]

pdfTeX warning: pdflatex (file ./Osoba_pozytywna.pdf): PDF inclusion: found PDF
 version <1.6>, but at most version <1.5> allowed
<Osoba_pozytywna.pdf, id=170, 597.50829pt x 845.0471pt>
File: Osoba_pozytywna.pdf Graphic file (type pdf)
<use Osoba_pozytywna.pdf>
Package pdftex.def Info: Osoba_pozytywna.pdf  used on input line 29.
(pdftex.def)             Requested size: 597.50682pt x 845.04504pt.


pdfTeX warning: pdflatex (file ./Osoba_pozytywna.pdf): PDF inclusion: found PDF
 version <1.6>, but at most version <1.5> allowed
File: Osoba_pozytywna.pdf Graphic file (type pdf)
<use Osoba_pozytywna.pdf>
Package pdftex.def Info: Osoba_pozytywna.pdf  used on input line 29.
(pdftex.def)             Requested size: 597.50682pt x 845.04504pt.


pdfTeX warning: pdflatex (file ./Osoba_pozytywna.pdf): PDF inclusion: found PDF
 version <1.6>, but at most version <1.5> allowed


pdfTeX warning: pdflatex (file ./Osoba_pozytywna.pdf): PDF inclusion: found PDF
 version <1.6>, but at most version <1.5> allowed
<Osoba_pozytywna.pdf, id=173, page=1, 597.50829pt x 845.0471pt>
File: Osoba_pozytywna.pdf Graphic file (type pdf)
<use Osoba_pozytywna.pdf, page 1>
Package pdftex.def Info: Osoba_pozytywna.pdf , page1 used on input line 29.
(pdftex.def)             Requested size: 597.50682pt x 845.04504pt.
File: Osoba_pozytywna.pdf Graphic file (type pdf)
<use Osoba_pozytywna.pdf, page 1>
Package pdftex.def Info: Osoba_pozytywna.pdf , page1 used on input line 29.
(pdftex.def)             Requested size: 597.53416pt x 845.08372pt.
File: Osoba_pozytywna.pdf Graphic file (type pdf)
<use Osoba_pozytywna.pdf, page 1>
Package pdftex.def Info: Osoba_pozytywna.pdf , page1 used on input line 29.
(pdftex.def)             Requested size: 597.53416pt x 845.08372pt.
File: Osoba_pozytywna.pdf Graphic file (type pdf)
<use Osoba_pozytywna.pdf, page 1>
Package pdftex.def Info: Osoba_pozytywna.pdf , page1 used on input line 29.
(pdftex.def)             Requested size: 597.53416pt x 845.08372pt.
File: Osoba_pozytywna.pdf Graphic file (type pdf)
<use Osoba_pozytywna.pdf, page 1>
Package pdftex.def Info: Osoba_pozytywna.pdf , page1 used on input line 29.
(pdftex.def)             Requested size: 597.53416pt x 845.08372pt.
[18

 <./Osoba_pozytywna.pdf>])
\openout2 = `part4.aux'.

 (./part4.tex
Overfull \hbox (25.19998pt too wide) in paragraph at lines 10--18
[][] 
 []


Overfull \hbox (25.19998pt too wide) in paragraph at lines 22--30
[][] 
 []


Overfull \hbox (25.19998pt too wide) in paragraph at lines 34--41
[][] 
 []

[19



]
Overfull \hbox (25.19998pt too wide) in paragraph at lines 47--54
[][] 
 []

) [20]
\openout2 = `part6.aux'.

 (./part6.tex [21



]

pdfTeX warning: pdflatex (file ./AidMedical.pdf): PDF inclusion: found PDF vers
ion <1.6>, but at most version <1.5> allowed
<AidMedical.pdf, id=237, 770.88pt x 1027.84pt>
File: AidMedical.pdf Graphic file (type pdf)
<use AidMedical.pdf>
Package pdftex.def Info: AidMedical.pdf  used on input line 55.
(pdftex.def)             Requested size: 770.87813pt x 1027.8375pt.


pdfTeX warning: pdflatex (file ./AidMedical.pdf): PDF inclusion: found PDF vers
ion <1.6>, but at most version <1.5> allowed
File: AidMedical.pdf Graphic file (type pdf)
<use AidMedical.pdf>
Package pdftex.def Info: AidMedical.pdf  used on input line 55.
(pdftex.def)             Requested size: 770.87813pt x 1027.8375pt.


pdfTeX warning: pdflatex (file ./AidMedical.pdf): PDF inclusion: found PDF vers
ion <1.6>, but at most version <1.5> allowed


pdfTeX warning: pdflatex (file ./AidMedical.pdf): PDF inclusion: found PDF vers
ion <1.6>, but at most version <1.5> allowed
<AidMedical.pdf, id=240, page=1, 770.88pt x 1027.84pt>
File: AidMedical.pdf Graphic file (type pdf)
<use AidMedical.pdf, page 1>
Package pdftex.def Info: AidMedical.pdf , page1 used on input line 55.
(pdftex.def)             Requested size: 770.87813pt x 1027.8375pt.
File: AidMedical.pdf Graphic file (type pdf)
<use AidMedical.pdf, page 1>
Package pdftex.def Info: AidMedical.pdf , page1 used on input line 55.
(pdftex.def)             Requested size: 598.17865pt x 797.57152pt.
[22]
File: AidMedical.pdf Graphic file (type pdf)
<use AidMedical.pdf, page 1>
Package pdftex.def Info: AidMedical.pdf , page1 used on input line 55.
(pdftex.def)             Requested size: 598.17865pt x 797.57152pt.
File: AidMedical.pdf Graphic file (type pdf)
<use AidMedical.pdf, page 1>
Package pdftex.def Info: AidMedical.pdf , page1 used on input line 55.
(pdftex.def)             Requested size: 598.17865pt x 797.57152pt.
File: AidMedical.pdf Graphic file (type pdf)
<use AidMedical.pdf, page 1>
Package pdftex.def Info: AidMedical.pdf , page1 used on input line 55.
(pdftex.def)             Requested size: 598.17865pt x 797.57152pt.
 [23

 <./AidMedical.pdf>]

pdfTeX warning: pdflatex (file ./AidMedical.pdf): PDF inclusion: found PDF vers
ion <1.6>, but at most version <1.5> allowed
<AidMedical.pdf, id=267, page=2, 770.88pt x 1027.84pt>
File: AidMedical.pdf Graphic file (type pdf)
<use AidMedical.pdf, page 2>
Package pdftex.def Info: AidMedical.pdf , page2 used on input line 55.
(pdftex.def)             Requested size: 598.17865pt x 797.57152pt.
File: AidMedical.pdf Graphic file (type pdf)
<use AidMedical.pdf, page 2>
Package pdftex.def Info: AidMedical.pdf , page2 used on input line 55.
(pdftex.def)             Requested size: 598.17865pt x 797.57152pt.
File: AidMedical.pdf Graphic file (type pdf)
<use AidMedical.pdf, page 2>
Package pdftex.def Info: AidMedical.pdf , page2 used on input line 55.
(pdftex.def)             Requested size: 598.17865pt x 797.57152pt.
[24

 <./AidMedical.pdf>]

pdfTeX warning: pdflatex (file ./AidMedical.pdf): PDF inclusion: found PDF vers
ion <1.6>, but at most version <1.5> allowed
<AidMedical.pdf, id=273, page=3, 770.88pt x 1027.84pt>
File: AidMedical.pdf Graphic file (type pdf)
<use AidMedical.pdf, page 3>
Package pdftex.def Info: AidMedical.pdf , page3 used on input line 55.
(pdftex.def)             Requested size: 598.17865pt x 797.57152pt.
File: AidMedical.pdf Graphic file (type pdf)
<use AidMedical.pdf, page 3>
Package pdftex.def Info: AidMedical.pdf , page3 used on input line 55.
(pdftex.def)             Requested size: 598.17865pt x 797.57152pt.
File: AidMedical.pdf Graphic file (type pdf)
<use AidMedical.pdf, page 3>
Package pdftex.def Info: AidMedical.pdf , page3 used on input line 55.
(pdftex.def)             Requested size: 598.17865pt x 797.57152pt.
[25

 <./AidMedical.pdf>]

pdfTeX warning: pdflatex (file ./AidMedical.pdf): PDF inclusion: found PDF vers
ion <1.6>, but at most version <1.5> allowed
<AidMedical.pdf, id=287, page=4, 770.88pt x 1027.84pt>
File: AidMedical.pdf Graphic file (type pdf)
<use AidMedical.pdf, page 4>
Package pdftex.def Info: AidMedical.pdf , page4 used on input line 55.
(pdftex.def)             Requested size: 598.17865pt x 797.57152pt.
File: AidMedical.pdf Graphic file (type pdf)
<use AidMedical.pdf, page 4>
Package pdftex.def Info: AidMedical.pdf , page4 used on input line 55.
(pdftex.def)             Requested size: 598.17865pt x 797.57152pt.
File: AidMedical.pdf Graphic file (type pdf)
<use AidMedical.pdf, page 4>
Package pdftex.def Info: AidMedical.pdf , page4 used on input line 55.
(pdftex.def)             Requested size: 598.17865pt x 797.57152pt.
[26

 <./AidMedical.pdf>]

pdfTeX warning: pdflatex (file ./AidMedical.pdf): PDF inclusion: found PDF vers
ion <1.6>, but at most version <1.5> allowed
<AidMedical.pdf, id=292, page=5, 770.88pt x 1027.84pt>
File: AidMedical.pdf Graphic file (type pdf)
<use AidMedical.pdf, page 5>
Package pdftex.def Info: AidMedical.pdf , page5 used on input line 55.
(pdftex.def)             Requested size: 598.17865pt x 797.57152pt.
File: AidMedical.pdf Graphic file (type pdf)
<use AidMedical.pdf, page 5>
Package pdftex.def Info: AidMedical.pdf , page5 used on input line 55.
(pdftex.def)             Requested size: 598.17865pt x 797.57152pt.
File: AidMedical.pdf Graphic file (type pdf)
<use AidMedical.pdf, page 5>
Package pdftex.def Info: AidMedical.pdf , page5 used on input line 55.
(pdftex.def)             Requested size: 598.17865pt x 797.57152pt.
[27

 <./AidMedical.pdf>]

pdfTeX warning: pdflatex (file ./AidMedical.pdf): PDF inclusion: found PDF vers
ion <1.6>, but at most version <1.5> allowed
<AidMedical.pdf, id=298, page=6, 770.88pt x 1027.84pt>
File: AidMedical.pdf Graphic file (type pdf)
<use AidMedical.pdf, page 6>
Package pdftex.def Info: AidMedical.pdf , page6 used on input line 55.
(pdftex.def)             Requested size: 598.17865pt x 797.57152pt.
File: AidMedical.pdf Graphic file (type pdf)
<use AidMedical.pdf, page 6>
Package pdftex.def Info: AidMedical.pdf , page6 used on input line 55.
(pdftex.def)             Requested size: 598.17865pt x 797.57152pt.
File: AidMedical.pdf Graphic file (type pdf)
<use AidMedical.pdf, page 6>
Package pdftex.def Info: AidMedical.pdf , page6 used on input line 55.
(pdftex.def)             Requested size: 598.17865pt x 797.57152pt.
[28

 <./AidMedical.pdf>]

pdfTeX warning: pdflatex (file ./AidMedical.pdf): PDF inclusion: found PDF vers
ion <1.6>, but at most version <1.5> allowed
<AidMedical.pdf, id=305, page=7, 770.88pt x 1027.84pt>
File: AidMedical.pdf Graphic file (type pdf)
<use AidMedical.pdf, page 7>
Package pdftex.def Info: AidMedical.pdf , page7 used on input line 55.
(pdftex.def)             Requested size: 598.17865pt x 797.57152pt.
File: AidMedical.pdf Graphic file (type pdf)
<use AidMedical.pdf, page 7>
Package pdftex.def Info: AidMedical.pdf , page7 used on input line 55.
(pdftex.def)             Requested size: 598.17865pt x 797.57152pt.
File: AidMedical.pdf Graphic file (type pdf)
<use AidMedical.pdf, page 7>
Package pdftex.def Info: AidMedical.pdf , page7 used on input line 55.
(pdftex.def)             Requested size: 598.17865pt x 797.57152pt.
[29

 <./AidMedical.pdf>]

pdfTeX warning: pdflatex (file ./AidMedical.pdf): PDF inclusion: found PDF vers
ion <1.6>, but at most version <1.5> allowed
<AidMedical.pdf, id=311, page=8, 770.88pt x 1027.84pt>
File: AidMedical.pdf Graphic file (type pdf)
<use AidMedical.pdf, page 8>
Package pdftex.def Info: AidMedical.pdf , page8 used on input line 55.
(pdftex.def)             Requested size: 598.17865pt x 797.57152pt.
File: AidMedical.pdf Graphic file (type pdf)
<use AidMedical.pdf, page 8>
Package pdftex.def Info: AidMedical.pdf , page8 used on input line 55.
(pdftex.def)             Requested size: 598.17865pt x 797.57152pt.
File: AidMedical.pdf Graphic file (type pdf)
<use AidMedical.pdf, page 8>
Package pdftex.def Info: AidMedical.pdf , page8 used on input line 55.
(pdftex.def)             Requested size: 598.17865pt x 797.57152pt.
[30

 <./AidMedical.pdf>]

pdfTeX warning: pdflatex (file ./AidMedical.pdf): PDF inclusion: found PDF vers
ion <1.6>, but at most version <1.5> allowed
<AidMedical.pdf, id=318, page=9, 770.88pt x 1027.84pt>
File: AidMedical.pdf Graphic file (type pdf)
<use AidMedical.pdf, page 9>
Package pdftex.def Info: AidMedical.pdf , page9 used on input line 55.
(pdftex.def)             Requested size: 598.17865pt x 797.57152pt.
File: AidMedical.pdf Graphic file (type pdf)
<use AidMedical.pdf, page 9>
Package pdftex.def Info: AidMedical.pdf , page9 used on input line 55.
(pdftex.def)             Requested size: 598.17865pt x 797.57152pt.
File: AidMedical.pdf Graphic file (type pdf)
<use AidMedical.pdf, page 9>
Package pdftex.def Info: AidMedical.pdf , page9 used on input line 55.
(pdftex.def)             Requested size: 598.17865pt x 797.57152pt.
[31

 <./AidMedical.pdf>]

pdfTeX warning: pdflatex (file ./AidMedical.pdf): PDF inclusion: found PDF vers
ion <1.6>, but at most version <1.5> allowed
<AidMedical.pdf, id=324, page=10, 770.88pt x 1027.84pt>
File: AidMedical.pdf Graphic file (type pdf)
<use AidMedical.pdf, page 10>
Package pdftex.def Info: AidMedical.pdf , page10 used on input line 55.
(pdftex.def)             Requested size: 598.17865pt x 797.57152pt.
File: AidMedical.pdf Graphic file (type pdf)
<use AidMedical.pdf, page 10>
Package pdftex.def Info: AidMedical.pdf , page10 used on input line 55.
(pdftex.def)             Requested size: 598.17865pt x 797.57152pt.
File: AidMedical.pdf Graphic file (type pdf)
<use AidMedical.pdf, page 10>
Package pdftex.def Info: AidMedical.pdf , page10 used on input line 55.
(pdftex.def)             Requested size: 598.17865pt x 797.57152pt.
[32

 <./AidMedical.pdf>]

pdfTeX warning: pdflatex (file ./AidMedical.pdf): PDF inclusion: found PDF vers
ion <1.6>, but at most version <1.5> allowed
<AidMedical.pdf, id=330, page=11, 770.88pt x 1027.84pt>
File: AidMedical.pdf Graphic file (type pdf)
<use AidMedical.pdf, page 11>
Package pdftex.def Info: AidMedical.pdf , page11 used on input line 55.
(pdftex.def)             Requested size: 598.17865pt x 797.57152pt.
File: AidMedical.pdf Graphic file (type pdf)
<use AidMedical.pdf, page 11>
Package pdftex.def Info: AidMedical.pdf , page11 used on input line 55.
(pdftex.def)             Requested size: 598.17865pt x 797.57152pt.
File: AidMedical.pdf Graphic file (type pdf)
<use AidMedical.pdf, page 11>
Package pdftex.def Info: AidMedical.pdf , page11 used on input line 55.
(pdftex.def)             Requested size: 598.17865pt x 797.57152pt.
[33

 <./AidMedical.pdf>]

pdfTeX warning: pdflatex (file ./AidMedical.pdf): PDF inclusion: found PDF vers
ion <1.6>, but at most version <1.5> allowed
<AidMedical.pdf, id=336, page=12, 770.88pt x 1027.84pt>
File: AidMedical.pdf Graphic file (type pdf)
<use AidMedical.pdf, page 12>
Package pdftex.def Info: AidMedical.pdf , page12 used on input line 55.
(pdftex.def)             Requested size: 598.17865pt x 797.57152pt.
File: AidMedical.pdf Graphic file (type pdf)
<use AidMedical.pdf, page 12>
Package pdftex.def Info: AidMedical.pdf , page12 used on input line 55.
(pdftex.def)             Requested size: 598.17865pt x 797.57152pt.
File: AidMedical.pdf Graphic file (type pdf)
<use AidMedical.pdf, page 12>
Package pdftex.def Info: AidMedical.pdf , page12 used on input line 55.
(pdftex.def)             Requested size: 598.17865pt x 797.57152pt.
[34

 <./AidMedical.pdf>])
\openout2 = `part7.aux'.

 (./part7.tex

! LaTeX Error: Something's wrong--perhaps a missing \item.

See the LaTeX manual or LaTeX Companion for explanation.
Type  H <return>  for immediate help.
 ...                                              
                                                  
l.10 \end{center}
                 
? 
[35



] [36] [37]) [38]
\openout2 = `part8.aux'.

 (./part8.tex

! LaTeX Error: Something's wrong--perhaps a missing \item.

See the LaTeX manual or LaTeX Companion for explanation.
Type  H <return>  for immediate help.
 ...                                              
                                                  
l.10 \end{center}
                 
? 
[39



] [40] [41] [42] [43]
Overfull \hbox (1.85243pt too wide) in paragraph at lines 173--174
[]\T1/phv/b/n/12 Dodawanie da-nych zdro-wot-nych: \T1/phv/m/n/12 Wy-ra¹-niej-sz
e ozna-cze-nie sek-cji oraz prze-
 []

) [44] (./project.aux (./title.aux) (./part1.aux) (./part2.aux) (./part3.aux)
(./part4.aux) (./part6.aux) (./part7.aux) (./part8.aux))
 ***********
LaTeX2e <2023-11-01> patch level 1
L3 programming layer <2024-01-22>
 ***********
 ) 
Here is how much of TeX's memory you used:
 5064 strings out of 474222
 83837 string characters out of 5748733
 1935975 words of memory out of 5000000
 27206 multiletter control sequences out of 15000+600000
 581391 words of font info for 63 fonts, out of 8000000 for 9000
 1141 hyphenation exceptions out of 8191
 72i,17n,79p,527b,426s stack positions out of 10000i,1000n,20000p,200000b,200000s
</usr/share/texlive/texmf-dist/fonts/type1/urw/helvetic/uhvb8a.pfb></usr/shar
e/texlive/texmf-dist/fonts/type1/urw/helvetic/uhvr8a.pfb>
Output written on project.pdf (44 pages, 48094838 bytes).
PDF statistics:
 388 PDF objects out of 1000 (max. 8388607)
 199 compressed objects within 2 object streams
 0 named destinations out of 1000 (max. 500000)
 136 words of extra memory for PDF output out of 10000 (max. 10000000)

